<?xml version="1.0" encoding="UTF-8"?>
<!-- Generated by org.testng.reporters.JUnitReportReporter -->
<testsuite hostname="DESKTOP-IT2FEOA" failures="0" tests="2" name="automationexcerise.TestCase_20" time="3.512" errors="0" timestamp="2024-03-15T11:47:12 IST" skipped="0">
  <testcase classname="automationexcerise.TestCase_20" name="HomePagetitleVerification" time="0.054"/>
  <system-out/>
  <testcase classname="automationexcerise.TestCase_20" name="search_product_verify_cart" time="3.458"/>
  <system-out/>
</testsuite> <!-- automationexcerise.TestCase_20 -->
