<?xml version="1.0" encoding="UTF-8"?>
<!-- Generated by org.testng.reporters.JUnitReportReporter -->
<testsuite hostname="DESKTOP-IT2FEOA" failures="0" tests="4" name="automationexcerise.Test_Case_3" time="3.139" errors="0" timestamp="2024-03-12T10:19:56 IST" skipped="0">
  <testcase classname="automationexcerise.Test_Case_3" name="HomePagetitleVerification" time="0.052"/>
  <system-out/>
  <testcase classname="automationexcerise.Test_Case_3" name="SignUpText" time="1.324"/>
  <system-out/>
  <testcase classname="automationexcerise.Test_Case_3" name="LoginText" time="0.038"/>
  <system-out/>
  <testcase classname="automationexcerise.Test_Case_3" name="Invalid_user" time="1.725"/>
  <system-out/>
</testsuite> <!-- automationexcerise.Test_Case_3 -->
