<?xml version="1.0" encoding="UTF-8"?>
<!-- Generated by org.testng.reporters.JUnitReportReporter -->
<testsuite hostname="DESKTOP-IT2FEOA" failures="0" tests="2" name="automationexcerise.TestCase_11" time="3.335" errors="0" timestamp="2024-03-13T12:20:47 IST" skipped="0">
  <testcase classname="automationexcerise.TestCase_11" name="HomePagetitleVerification" time="0.020"/>
  <system-out/>
  <testcase classname="automationexcerise.TestCase_11" name="Cart_Sub_Verify" time="3.315"/>
  <system-out/>
</testsuite> <!-- automationexcerise.TestCase_11 -->
