<?xml version="1.0" encoding="UTF-8"?>
<!-- Generated by org.testng.reporters.JUnitReportReporter -->
<testsuite hostname="DESKTOP-IT2FEOA" failures="0" tests="2" name="automationexcerise.TestCase_10" time="2.330" errors="0" timestamp="2024-03-13T12:11:08 IST" skipped="0">
  <testcase classname="automationexcerise.TestCase_10" name="HomePagetitleVerification" time="0.021"/>
  <system-out/>
  <testcase classname="automationexcerise.TestCase_10" name="Subsciption_Verification" time="2.309"/>
  <system-out/>
</testsuite> <!-- automationexcerise.TestCase_10 -->
