<?xml version="1.0" encoding="UTF-8"?>
<!-- Generated by org.testng.reporters.JUnitReportReporter -->
<testsuite hostname="DESKTOP-IT2FEOA" failures="0" tests="2" name="automationexcerise.TestCase_19" time="2.114" errors="0" timestamp="2024-03-15T10:07:41 IST" skipped="0">
  <testcase classname="automationexcerise.TestCase_19" name="HomePagetitleVerification" time="0.056"/>
  <system-out/>
  <testcase classname="automationexcerise.TestCase_19" name="verify_cart_brand_product" time="2.058"/>
  <system-out/>
</testsuite> <!-- automationexcerise.TestCase_19 -->
