<?xml version="1.0" encoding="UTF-8"?>
<!-- Generated by org.testng.reporters.JUnitReportReporter -->
<testsuite hostname="DESKTOP-IT2FEOA" failures="0" tests="2" name="automationexcerise.TestCase_1" time="1.900" errors="0" timestamp="2024-03-09T15:22:22 IST" skipped="0">
  <testcase classname="automationexcerise.TestCase_1" name="SignUpText" time="1.858"/>
  <system-out/>
  <testcase classname="automationexcerise.TestCase_1" name="HomePagetitleVerification" time="0.042"/>
  <system-out/>
</testsuite> <!-- automationexcerise.TestCase_1 -->
