<?xml version="1.0" encoding="UTF-8"?>
<!-- Generated by org.testng.reporters.JUnitReportReporter -->
<testsuite hostname="DESKTOP-IT2FEOA" failures="0" tests="2" name="automationexcerise.Test_Case_6" time="8.195" errors="0" timestamp="2024-03-12T11:11:31 IST" skipped="0">
  <testcase classname="automationexcerise.Test_Case_6" name="HomePagetitleVerification" time="0.022"/>
  <system-out/>
  <testcase classname="automationexcerise.Test_Case_6" name="Contact_us" time="8.173"/>
  <system-out/>
</testsuite> <!-- automationexcerise.Test_Case_6 -->
